<?xml version="1.0" encoding="UTF-8"?>
<!-- Generated by org.testng.reporters.JUnitXMLReporter -->
<testsuite ignored="2" hostname="LAPTOP-V6FB1HFO" failures="0" tests="1" name="Default test" time="35.982" errors="0" timestamp="2023-04-17T21:07:19 IST">
  <testcase classname="testcases.SigninTest" name="SignIn_ValidCredential" time="28.392"/>
  <testcase classname="testcases.SigninTest" name="SignIn_inValidCredential" time="0.0">
    <ignored/>
  </testcase> <!-- SignIn_inValidCredential -->
  <testcase classname="testcases.SigninTest" name="SignUpPageCanada" time="0.0">
    <ignored/>
  </testcase> <!-- SignUpPageCanada -->
</testsuite> <!-- Default test -->
