<?xml version="1.0" encoding="UTF-8"?>
<!-- Generated by org.testng.reporters.JUnitXMLReporter -->
<testsuite ignored="0" hostname="LAPTOP-V6FB1HFO" failures="0" tests="9" name="Test" time="379.761" errors="0" timestamp="2023-04-07T14:09:47 IST">
  <testcase classname="testcases.CreateAccountTest" name="CreateAccount_USA" time="15.619"/>
  <testcase classname="testcases.SigninTest" name="SignIn_ValidCredential" time="19.033"/>
  <testcase classname="testcases.SigninTest" name="SignIn_inValidCredential" time="24.054"/>
  <testcase classname="testcases.SigninTest" name="SignUpPageCanada" time="17.487"/>
  <testcase classname="testcases.AddItemsTest" name="BrandName" time="114.696"/>
  <testcase classname="testcases.SearchbyItemTest" name="AddItem_BySearch" time="69.612"/>
  <testcase classname="testcases.SearchbyItemTest" name="Product_Unavailable" time="6.915"/>
  <testcase classname="testcases.SearchbyItemTest" name="Search_invalid_Item" time="27.207"/>
  <testcase classname="testcases.MenuNavigationTest" name="Menulist" time="63.355"/>
</testsuite> <!-- Test -->
