<?xml version="1.0" encoding="UTF-8"?>
<!-- Generated by org.testng.reporters.JUnitXMLReporter -->
<testsuite ignored="0" hostname="LAPTOP-V6FB1HFO" failures="0" tests="9" name="Test" time="694.644" errors="0" timestamp="2023-04-07T15:10:21 IST">
  <testcase classname="testcases.CreateAccountTest" name="CreateAccount_USA" time="28.166"/>
  <testcase classname="testcases.SigninTest" name="SignIn_ValidCredential" time="65.073"/>
  <testcase classname="testcases.SigninTest" name="SignIn_inValidCredential" time="57.705"/>
  <testcase classname="testcases.SigninTest" name="SignUpPageCanada" time="36.596"/>
  <testcase classname="testcases.AddItemsTest" name="BrandName" time="160.851"/>
  <testcase classname="testcases.SearchbyItemTest" name="AddItem_BySearch" time="226.988"/>
  <testcase classname="testcases.SearchbyItemTest" name="Product_Unavailable" time="6.554"/>
  <testcase classname="testcases.SearchbyItemTest" name="Search_invalid_Item" time="18.338"/>
  <testcase classname="testcases.MenuNavigationTest" name="Menulist" time="57.867"/>
</testsuite> <!-- Test -->
