<?xml version="1.0" encoding="UTF-8"?>
<testng-results ignored="0" total="1" passed="1" failed="0" skipped="0">
  <reporter-output>
  </reporter-output>
  <suite started-at="2023-04-12T18:45:19 IST" name="Default suite" finished-at="2023-04-12T18:45:49 IST" duration-ms="30366">
    <groups>
    </groups>
    <test started-at="2023-04-12T18:45:19 IST" name="Default test" finished-at="2023-04-12T18:45:49 IST" duration-ms="30366">
      <class name="testcases.CreateAccountTest">
        <test-method is-config="true" signature="Startup()[pri:0, instance:testcases.CreateAccountTest@368f2016]" started-at="2023-04-12T18:45:19 IST" name="Startup" finished-at="2023-04-12T18:45:21 IST" duration-ms="2335" status="PASS">
          <reporter-output>
          </reporter-output>
        </test-method> <!-- Startup -->
        <test-method signature="CreateAccount_USA()[pri:0, instance:testcases.CreateAccountTest@368f2016]" started-at="2023-04-12T18:45:21 IST" name="CreateAccount_USA" finished-at="2023-04-12T18:45:49 IST" duration-ms="27602" status="PASS">
          <reporter-output>
          </reporter-output>
        </test-method> <!-- CreateAccount_USA -->
        <test-method is-config="true" signature="close()[pri:0, instance:testcases.CreateAccountTest@368f2016]" started-at="2023-04-12T18:45:49 IST" name="close" finished-at="2023-04-12T18:45:49 IST" duration-ms="383" status="PASS">
          <reporter-output>
          </reporter-output>
        </test-method> <!-- close -->
      </class> <!-- testcases.CreateAccountTest -->
    </test> <!-- Default test -->
  </suite> <!-- Default suite -->
</testng-results>
